
Showing logs for build [32mcb-kubecd-bdd-sbrp-import-15925-dqggh-1[0m stage [32mfrom-build-pack[0m and container [32mstep-credential-initializer-b2w8r[0m
{"level":"info","ts":1592538027.1976867,"logger":"fallback-logger","caller":"logging/config.go:69","msg":"Fetch GitHub commit ID from kodata failed: open /var/run/ko/refs/heads/0.8.0-ns-support: no such file or directory"}
{"level":"info","ts":1592538027.2016685,"logger":"fallback-logger","caller":"creds-init/main.go:40","msg":"Credentials initialized."}

Showing logs for build [32mcb-kubecd-bdd-sbrp-import-15925-dqggh-1[0m stage [32mfrom-build-pack[0m and container [32mstep-working-dir-initializer-c6t2d[0m
{"level":"info","ts":1592538028.2118838,"logger":"fallback-logger","caller":"logging/config.go:69","msg":"Fetch GitHub commit ID from kodata failed: open /var/run/ko/HEAD: no such file or directory"}
{"level":"info","ts":1592538028.215926,"logger":"fallback-logger","caller":"bash/main.go:64","msg":"Successfully executed command \"sh -c mkdir -p /workspace/source\"; output "}

Showing logs for build [32mcb-kubecd-bdd-sbrp-import-15925-dqggh-1[0m stage [32mfrom-build-pack[0m and container [32mstep-place-tools[0m

Showing logs for build [32mcb-kubecd-bdd-sbrp-import-15925-dqggh-1[0m stage [32mfrom-build-pack[0m and container [32mstep-git-source-cb-kubecd-bdd-sbrp-import-15925-dqggh-sn6jg[0m
{"level":"info","ts":1592538036.407325,"logger":"fallback-logger","caller":"logging/config.go:69","msg":"Fetch GitHub commit ID from kodata failed: open /var/run/ko/refs/heads/0.8.0-ns-support: no such file or directory"}
{"level":"info","ts":1592538037.6331081,"logger":"fallback-logger","caller":"git/git.go:103","msg":"Successfully cloned https://github.com/cb-kubecd/bdd-sbrp-import-1592536754.git @ v0.0.1 in path /workspace/source"}

Showing logs for build [32mcb-kubecd-bdd-sbrp-import-15925-dqggh-1[0m stage [32mfrom-build-pack[0m and container [32mstep-git-merge[0m
Using SHAs from PULL_REFS=master:5401666b945abcf6acd29abf91ea9797cfaba384
WARNING: no SHAs to merge, falling back to initial cloned commit

Showing logs for build [32mcb-kubecd-bdd-sbrp-import-15925-dqggh-1[0m stage [32mfrom-build-pack[0m and container [32mstep-setup-jx-git-credentials[0m
Generated Git credentials file /workspace/xdg_config/git/credentials

Showing logs for build [32mcb-kubecd-bdd-sbrp-import-15925-dqggh-1[0m stage [32mfrom-build-pack[0m and container [32mstep-build-mvn-deploy[0m
Picked up _JAVA_OPTIONS: -XX:+UnlockExperimentalVMOptions -XX:+UseCGroupMemoryLimitForHeap -Dsun.zip.disableMemoryMapping=true -XX:+UseParallelGC -XX:MinHeapFreeRatio=5 -XX:MaxHeapFreeRatio=10 -XX:GCTimeRatio=4 -XX:AdaptiveSizePolicyWeight=90 -Xms10m -Xmx192m
OpenJDK 64-Bit Server VM warning: If the number of processors is expected to increase from one, then you should configure the number of parallel GC threads appropriately using -XX:ParallelGCThreads=N
[INFO] Scanning for projects...
[INFO] 
[INFO] -----< com.github.jenkinsx.quickstarts:bdd-sbrp-import-1592536754 >-----
[INFO] Building spring-boot-rest-prometheus 0.0.1
[INFO] --------------------------------[ jar ]---------------------------------
[INFO] 
[INFO] --- maven-clean-plugin:3.1.0:clean (default-clean) @ bdd-sbrp-import-1592536754 ---
[INFO] 
[INFO] --- maven-resources-plugin:3.1.0:resources (default-resources) @ bdd-sbrp-import-1592536754 ---
[INFO] Using 'UTF-8' encoding to copy filtered resources.
[INFO] Copying 1 resource
[INFO] Copying 0 resource
[INFO] 
[INFO] --- maven-compiler-plugin:3.8.0:compile (default-compile) @ bdd-sbrp-import-1592536754 ---
[INFO] Changes detected - recompiling the module!
[INFO] Compiling 1 source file to /workspace/source/target/classes
[INFO] 
[INFO] --- maven-resources-plugin:3.1.0:testResources (default-testResources) @ bdd-sbrp-import-1592536754 ---
[INFO] Using 'UTF-8' encoding to copy filtered resources.
[INFO] skip non existing resourceDirectory /workspace/source/src/test/resources
[INFO] 
[INFO] --- maven-compiler-plugin:3.8.0:testCompile (default-testCompile) @ bdd-sbrp-import-1592536754 ---
[INFO] Changes detected - recompiling the module!
[INFO] Compiling 1 source file to /workspace/source/target/test-classes
[INFO] 
[INFO] --- maven-surefire-plugin:3.0.0-M1:test (default-test) @ bdd-sbrp-import-1592536754 ---
[INFO] 
[INFO] -------------------------------------------------------
[INFO]  T E S T S
[INFO] -------------------------------------------------------
[INFO] Running com.github.jenkinsx.quickstarts.springboot.rest.prometheus.RestPrometheusApplicationTests
03:41:05.154 [main] DEBUG org.springframework.test.context.junit4.SpringJUnit4ClassRunner - SpringJUnit4ClassRunner constructor called with [class com.github.jenkinsx.quickstarts.springboot.rest.prometheus.RestPrometheusApplicationTests]
03:41:05.163 [main] DEBUG org.springframework.test.context.BootstrapUtils - Instantiating CacheAwareContextLoaderDelegate from class [org.springframework.test.context.cache.DefaultCacheAwareContextLoaderDelegate]
03:41:05.189 [main] DEBUG org.springframework.test.context.BootstrapUtils - Instantiating BootstrapContext using constructor [public org.springframework.test.context.support.DefaultBootstrapContext(java.lang.Class,org.springframework.test.context.CacheAwareContextLoaderDelegate)]
03:41:05.239 [main] DEBUG org.springframework.test.context.BootstrapUtils - Instantiating TestContextBootstrapper for test class [com.github.jenkinsx.quickstarts.springboot.rest.prometheus.RestPrometheusApplicationTests] from class [org.springframework.boot.test.context.SpringBootTestContextBootstrapper]
03:41:05.302 [main] INFO org.springframework.boot.test.context.SpringBootTestContextBootstrapper - Neither @ContextConfiguration nor @ContextHierarchy found for test class [com.github.jenkinsx.quickstarts.springboot.rest.prometheus.RestPrometheusApplicationTests], using SpringBootContextLoader
03:41:05.312 [main] DEBUG org.springframework.test.context.support.AbstractContextLoader - Did not detect default resource location for test class [com.github.jenkinsx.quickstarts.springboot.rest.prometheus.RestPrometheusApplicationTests]: class path resource [com/github/jenkinsx/quickstarts/springboot/rest/prometheus/RestPrometheusApplicationTests-context.xml] does not exist
03:41:05.314 [main] DEBUG org.springframework.test.context.support.AbstractContextLoader - Did not detect default resource location for test class [com.github.jenkinsx.quickstarts.springboot.rest.prometheus.RestPrometheusApplicationTests]: class path resource [com/github/jenkinsx/quickstarts/springboot/rest/prometheus/RestPrometheusApplicationTestsContext.groovy] does not exist
03:41:05.315 [main] INFO org.springframework.test.context.support.AbstractContextLoader - Could not detect default resource locations for test class [com.github.jenkinsx.quickstarts.springboot.rest.prometheus.RestPrometheusApplicationTests]: no resource found for suffixes {-context.xml, Context.groovy}.
03:41:05.319 [main] INFO org.springframework.test.context.support.AnnotationConfigContextLoaderUtils - Could not detect default configuration classes for test class [com.github.jenkinsx.quickstarts.springboot.rest.prometheus.RestPrometheusApplicationTests]: RestPrometheusApplicationTests does not declare any static, non-private, non-final, nested classes annotated with @Configuration.
03:41:05.491 [main] DEBUG org.springframework.test.context.support.ActiveProfilesUtils - Could not find an 'annotation declaring class' for annotation type [org.springframework.test.context.ActiveProfiles] and class [com.github.jenkinsx.quickstarts.springboot.rest.prometheus.RestPrometheusApplicationTests]
03:41:05.801 [main] DEBUG org.springframework.context.annotation.ClassPathScanningCandidateComponentProvider - Identified candidate component class: file [/workspace/source/target/classes/com/github/jenkinsx/quickstarts/springboot/rest/prometheus/RestPrometheusApplication.class]
03:41:05.810 [main] INFO org.springframework.boot.test.context.SpringBootTestContextBootstrapper - Found @SpringBootConfiguration com.github.jenkinsx.quickstarts.springboot.rest.prometheus.RestPrometheusApplication for test class com.github.jenkinsx.quickstarts.springboot.rest.prometheus.RestPrometheusApplicationTests
03:41:06.012 [main] DEBUG org.springframework.boot.test.context.SpringBootTestContextBootstrapper - @TestExecutionListeners is not present for class [com.github.jenkinsx.quickstarts.springboot.rest.prometheus.RestPrometheusApplicationTests]: using defaults.
03:41:06.013 [main] INFO org.springframework.boot.test.context.SpringBootTestContextBootstrapper - Loaded default TestExecutionListener class names from location [META-INF/spring.factories]: [org.springframework.boot.test.mock.mockito.MockitoTestExecutionListener, org.springframework.boot.test.mock.mockito.ResetMocksTestExecutionListener, org.springframework.boot.test.autoconfigure.restdocs.RestDocsTestExecutionListener, org.springframework.boot.test.autoconfigure.web.client.MockRestServiceServerResetTestExecutionListener, org.springframework.boot.test.autoconfigure.web.servlet.MockMvcPrintOnlyOnFailureTestExecutionListener, org.springframework.boot.test.autoconfigure.web.servlet.WebDriverTestExecutionListener, org.springframework.test.context.web.ServletTestExecutionListener, org.springframework.test.context.support.DirtiesContextBeforeModesTestExecutionListener, org.springframework.test.context.support.DependencyInjectionTestExecutionListener, org.springframework.test.context.support.DirtiesContextTestExecutionListener, org.springframework.test.context.transaction.TransactionalTestExecutionListener, org.springframework.test.context.jdbc.SqlScriptsTestExecutionListener]
03:41:06.085 [main] DEBUG org.springframework.boot.test.context.SpringBootTestContextBootstrapper - Skipping candidate TestExecutionListener [org.springframework.test.context.transaction.TransactionalTestExecutionListener] due to a missing dependency. Specify custom listener classes or make the default listener classes and their required dependencies available. Offending class: [org/springframework/transaction/TransactionDefinition]
03:41:06.086 [main] DEBUG org.springframework.boot.test.context.SpringBootTestContextBootstrapper - Skipping candidate TestExecutionListener [org.springframework.test.context.jdbc.SqlScriptsTestExecutionListener] due to a missing dependency. Specify custom listener classes or make the default listener classes and their required dependencies available. Offending class: [org/springframework/transaction/interceptor/TransactionAttribute]
03:41:06.087 [main] INFO org.springframework.boot.test.context.SpringBootTestContextBootstrapper - Using TestExecutionListeners: [org.springframework.test.context.web.ServletTestExecutionListener@619713e5, org.springframework.test.context.support.DirtiesContextBeforeModesTestExecutionListener@708f5957, org.springframework.boot.test.mock.mockito.MockitoTestExecutionListener@68999068, org.springframework.boot.test.autoconfigure.SpringBootDependencyInjectionTestExecutionListener@7722c3c3, org.springframework.test.context.support.DirtiesContextTestExecutionListener@2ef3eef9, org.springframework.boot.test.mock.mockito.ResetMocksTestExecutionListener@243c4f91, org.springframework.boot.test.autoconfigure.restdocs.RestDocsTestExecutionListener@291ae, org.springframework.boot.test.autoconfigure.web.client.MockRestServiceServerResetTestExecutionListener@61df66b6, org.springframework.boot.test.autoconfigure.web.servlet.MockMvcPrintOnlyOnFailureTestExecutionListener@50eac852, org.springframework.boot.test.autoconfigure.web.servlet.WebDriverTestExecutionListener@16ec5519]
03:41:06.096 [main] DEBUG org.springframework.test.annotation.ProfileValueUtils - Retrieved @ProfileValueSourceConfiguration [null] for test class [com.github.jenkinsx.quickstarts.springboot.rest.prometheus.RestPrometheusApplicationTests]
03:41:06.097 [main] DEBUG org.springframework.test.annotation.ProfileValueUtils - Retrieved ProfileValueSource type [class org.springframework.test.annotation.SystemProfileValueSource] for class [com.github.jenkinsx.quickstarts.springboot.rest.prometheus.RestPrometheusApplicationTests]
03:41:06.100 [main] DEBUG org.springframework.test.annotation.ProfileValueUtils - Retrieved @ProfileValueSourceConfiguration [null] for test class [com.github.jenkinsx.quickstarts.springboot.rest.prometheus.RestPrometheusApplicationTests]
03:41:06.100 [main] DEBUG org.springframework.test.annotation.ProfileValueUtils - Retrieved ProfileValueSource type [class org.springframework.test.annotation.SystemProfileValueSource] for class [com.github.jenkinsx.quickstarts.springboot.rest.prometheus.RestPrometheusApplicationTests]
03:41:06.102 [main] DEBUG org.springframework.test.annotation.ProfileValueUtils - Retrieved @ProfileValueSourceConfiguration [null] for test class [com.github.jenkinsx.quickstarts.springboot.rest.prometheus.RestPrometheusApplicationTests]
03:41:06.103 [main] DEBUG org.springframework.test.annotation.ProfileValueUtils - Retrieved ProfileValueSource type [class org.springframework.test.annotation.SystemProfileValueSource] for class [com.github.jenkinsx.quickstarts.springboot.rest.prometheus.RestPrometheusApplicationTests]
03:41:06.117 [main] DEBUG org.springframework.test.context.support.AbstractDirtiesContextTestExecutionListener - Before test class: context [DefaultTestContext@1d9b7cce testClass = RestPrometheusApplicationTests, testInstance = [null], testMethod = [null], testException = [null], mergedContextConfiguration = [WebMergedContextConfiguration@4d9e68d0 testClass = RestPrometheusApplicationTests, locations = '{}', classes = '{class com.github.jenkinsx.quickstarts.springboot.rest.prometheus.RestPrometheusApplication}', contextInitializerClasses = '[]', activeProfiles = '{}', propertySourceLocations = '{}', propertySourceProperties = '{org.springframework.boot.test.context.SpringBootTestContextBootstrapper=true}', contextCustomizers = set[org.springframework.boot.test.context.filter.ExcludeFilterContextCustomizer@56aac163, org.springframework.boot.test.json.DuplicateJsonObjectContextCustomizerFactory$DuplicateJsonObjectContextCustomizer@396f6598, org.springframework.boot.test.mock.mockito.MockitoContextCustomizer@0, org.springframework.boot.test.web.client.TestRestTemplateContextCustomizer@57e1b0c, org.springframework.boot.test.autoconfigure.properties.PropertyMappingContextCustomizer@0, org.springframework.boot.test.autoconfigure.web.servlet.WebDriverContextCustomizerFactory$Customizer@480bdb19], resourceBasePath = 'src/main/webapp', contextLoader = 'org.springframework.boot.test.context.SpringBootContextLoader', parent = [null]], attributes = map['org.springframework.test.context.web.ServletTestExecutionListener.activateListener' -> true]], class annotated with @DirtiesContext [false] with mode [null].
03:41:06.119 [main] DEBUG org.springframework.test.annotation.ProfileValueUtils - Retrieved @ProfileValueSourceConfiguration [null] for test class [com.github.jenkinsx.quickstarts.springboot.rest.prometheus.RestPrometheusApplicationTests]
03:41:06.120 [main] DEBUG org.springframework.test.annotation.ProfileValueUtils - Retrieved ProfileValueSource type [class org.springframework.test.annotation.SystemProfileValueSource] for class [com.github.jenkinsx.quickstarts.springboot.rest.prometheus.RestPrometheusApplicationTests]
03:41:06.192 [main] DEBUG org.springframework.test.context.support.TestPropertySourceUtils - Adding inlined properties to environment: {spring.jmx.enabled=false, org.springframework.boot.test.context.SpringBootTestContextBootstrapper=true, server.port=-1}

  .   ____          _            __ _ _
 /\\ / ___'_ __ _ _(_)_ __  __ _ \ \ \ \
( ( )\___ | '_ | '_| | '_ \/ _` | \ \ \ \
 \\/  ___)| |_)| | | | | || (_| |  ) ) ) )
  '  |____| .__|_| |_|_| |_\__, | / / / /
 =========|_|==============|___/=/_/_/_/
 :: Spring Boot ::        (v2.1.2.RELEASE)

2020-06-19 03:41:07.396  INFO 68 --- [           main] j.q.s.r.p.RestPrometheusApplicationTests : Starting RestPrometheusApplicationTests on cb-kubecd-bdd-sbrp-import-15925-dqggh-1-from-build-pack-qp95m-p with PID 68 (started by root in /workspace/source)
2020-06-19 03:41:07.419  INFO 68 --- [           main] j.q.s.r.p.RestPrometheusApplicationTests : No active profile set, falling back to default profiles: default
2020-06-19 03:41:17.807  INFO 68 --- [           main] o.s.s.concurrent.ThreadPoolTaskExecutor  : Initializing ExecutorService 'applicationTaskExecutor'
2020-06-19 03:41:21.015  INFO 68 --- [           main] o.s.b.a.e.web.EndpointLinksResolver      : Exposing 2 endpoint(s) beneath base path '/actuator'
2020-06-19 03:41:21.815  INFO 68 --- [           main] j.q.s.r.p.RestPrometheusApplicationTests : Started RestPrometheusApplicationTests in 15.607 seconds (JVM running for 18.038)
[INFO] Tests run: 1, Failures: 0, Errors: 0, Skipped: 0, Time elapsed: 17.87 s - in com.github.jenkinsx.quickstarts.springboot.rest.prometheus.RestPrometheusApplicationTests
2020-06-19 03:41:22.527  INFO 68 --- [       Thread-4] o.s.s.concurrent.ThreadPoolTaskExecutor  : Shutting down ExecutorService 'applicationTaskExecutor'
[INFO] 
[INFO] Results:
[INFO] 
[INFO] Tests run: 1, Failures: 0, Errors: 0, Skipped: 0
[INFO] 
[INFO] 
[INFO] --- maven-jar-plugin:3.1.1:jar (default-jar) @ bdd-sbrp-import-1592536754 ---
[INFO] Building jar: /workspace/source/target/bdd-sbrp-import-1592536754-0.0.1.jar
[INFO] 
[INFO] --- spring-boot-maven-plugin:2.1.2.RELEASE:repackage (repackage) @ bdd-sbrp-import-1592536754 ---
[INFO] Replacing main artifact with repackaged archive
[INFO] 
[INFO] --- maven-install-plugin:2.5.2:install (default-install) @ bdd-sbrp-import-1592536754 ---
[INFO] Installing /workspace/source/target/bdd-sbrp-import-1592536754-0.0.1.jar to /home/jenkins/.mvnrepository/com/github/jenkinsx/quickstarts/bdd-sbrp-import-1592536754/0.0.1/bdd-sbrp-import-1592536754-0.0.1.jar
[INFO] Installing /workspace/source/pom.xml to /home/jenkins/.mvnrepository/com/github/jenkinsx/quickstarts/bdd-sbrp-import-1592536754/0.0.1/bdd-sbrp-import-1592536754-0.0.1.pom
[INFO] 
[INFO] --- maven-deploy-plugin:2.8.2:deploy (default-deploy) @ bdd-sbrp-import-1592536754 ---
[INFO] Using alternate deployment repository local-nexus::default::http://nexus/repository/maven-releases/
[INFO] ------------------------------------------------------------------------
[INFO] BUILD SUCCESS
[INFO] ------------------------------------------------------------------------
[INFO] Total time:  48.305 s
[INFO] Finished at: 2020-06-19T03:41:30Z
[INFO] ------------------------------------------------------------------------

Showing logs for build [32mcb-kubecd-bdd-sbrp-import-15925-dqggh-1[0m stage [32mfrom-build-pack[0m and container [32mstep-build-skaffold-version[0m
v1.0.1

Showing logs for build [32mcb-kubecd-bdd-sbrp-import-15925-dqggh-1[0m stage [32mfrom-build-pack[0m and container [32mstep-build-container-build[0m
E0619 03:41:33.935176      11 aws_credentials.go:77] while getting AWS credentials NoCredentialProviders: no valid providers in chain. Deprecated.
	For verbose messaging see aws.Config.CredentialsChainVerboseErrors
[36mINFO[0m[0001] Using dockerignore file: /workspace/source/.dockerignore 
[36mINFO[0m[0001] Retrieving image manifest openjdk:8-jdk-slim 
E0619 03:41:34.339304      11 metadata.go:154] while reading 'google-dockercfg' metadata: http status code: 404 while fetching url http://metadata.google.internal./computeMetadata/v1/instance/attributes/google-dockercfg
E0619 03:41:34.342053      11 metadata.go:166] while reading 'google-dockercfg-url' metadata: http status code: 404 while fetching url http://metadata.google.internal./computeMetadata/v1/instance/attributes/google-dockercfg-url
[36mINFO[0m[0002] Retrieving image manifest openjdk:8-jdk-slim 
[36mINFO[0m[0003] Built cross stage deps: map[]                
[36mINFO[0m[0003] Retrieving image manifest openjdk:8-jdk-slim 
[36mINFO[0m[0004] Retrieving image manifest openjdk:8-jdk-slim 
[36mINFO[0m[0005] Executing 0 build triggers                   
[36mINFO[0m[0005] cmd: EXPOSE                                  
[36mINFO[0m[0005] Adding exposed port: 8080/tcp                
[36mINFO[0m[0005] Resolving srcs [pom.xml target/lib*]...      
[36mINFO[0m[0005] Checking for cached layer gcr.io/jenkins-x-bdd3/cache:3aed06ab39f0df1b8865fe7a1e2b76db663ced3448ed633290c3db680de296d5... 
[36mINFO[0m[0005] No cached layer found for cmd COPY pom.xml target/lib* /opt/lib/ 
[36mINFO[0m[0005] Resolving srcs [target/*.jar]...             
[36mINFO[0m[0005] Unpacking rootfs as cmd COPY pom.xml target/lib* /opt/lib/ requires it. 
[36mINFO[0m[0015] ENV PORT 8080                                
[36mINFO[0m[0015] No files changed in this command, skipping snapshotting. 
[36mINFO[0m[0015] ENV CLASSPATH /opt/lib                       
[36mINFO[0m[0015] No files changed in this command, skipping snapshotting. 
[36mINFO[0m[0015] EXPOSE 8080                                  
[36mINFO[0m[0015] cmd: EXPOSE                                  
[36mINFO[0m[0015] Adding exposed port: 8080/tcp                
[36mINFO[0m[0015] No files changed in this command, skipping snapshotting. 
[36mINFO[0m[0015] Resolving srcs [pom.xml target/lib*]...      
[36mINFO[0m[0015] COPY pom.xml target/lib* /opt/lib/           
[36mINFO[0m[0015] Resolving srcs [pom.xml target/lib*]...      
[36mINFO[0m[0015] Resolving 1 paths                            
[36mINFO[0m[0015] Taking snapshot of files...                  
[36mINFO[0m[0015] Resolving srcs [target/*.jar]...             
[36mINFO[0m[0015] Pushing layer gcr.io/jenkins-x-bdd3/cache:3aed06ab39f0df1b8865fe7a1e2b76db663ced3448ed633290c3db680de296d5 to cache now 
[36mINFO[0m[0015] COPY target/*.jar /opt/app.jar               
[36mINFO[0m[0015] Resolving srcs [target/*.jar]...             
[36mINFO[0m[0015] Resolving 1 paths                            
[36mINFO[0m[0015] Taking snapshot of files...                  
[36mINFO[0m[0016] Pushing layer gcr.io/jenkins-x-bdd3/cache:a13e806465f882ef302a041d25806ca58f52bb8f571d91cbf7b4544f90461f61 to cache now 
[36mINFO[0m[0016] WORKDIR /opt                                 
[36mINFO[0m[0016] cmd: workdir                                 
[36mINFO[0m[0016] Changed working directory to /opt            
[36mINFO[0m[0016] No files changed in this command, skipping snapshotting. 
[36mINFO[0m[0016] CMD ["java", "-XX:+UnlockExperimentalVMOptions", "-XX:+UseCGroupMemoryLimitForHeap", "-jar", "app.jar"] 
[36mINFO[0m[0016] No files changed in this command, skipping snapshotting. 

Showing logs for build [32mcb-kubecd-bdd-sbrp-import-15925-dqggh-1[0m stage [32mfrom-build-pack[0m and container [32mstep-build-post-build[0m
no CVE provider running in the current ** namespace so skip adding image to be analysed

Showing logs for build [32mcb-kubecd-bdd-sbrp-import-15925-dqggh-1[0m stage [32mfrom-build-pack[0m and container [32mstep-promote-changelog[0m
Converted /workspace/source/charts/bdd-sbrp-import-1592536754 to an unshallow repository
Generating change log from git ref 638dcb6436ab502578c122633349ebf14e20abbe => de6d22ea420f6198b61c0198cb87c16b1ef17cd1
Associating user x-0 in users.jenkins.io with email c**d-bot@cloudbees.com to git GitProvider user with login -0 as emails match
Adding label jenkins.io/git-github-userid=-0 to user x-0 in users.jenkins.io
WARNING: Failed to enrich commit 5401666b945abcf6acd29abf91ea9797cfaba384 with issues: User.jenkins.io "x-0" is invalid: metadata.labels: Invalid value: "-0": a valid label must be an empty string or consist of alphanumeric characters, '-', '_' or '.', and must start and end with an alphanumeric character (e.g. 'MyValue',  or 'my_value',  or '12345', regex used for validation is '(([A-Za-z0-9][-A-Za-z0-9_.]*)?[A-Za-z0-9])?')
Associating user x-0 in users.jenkins.io with email c**d-bot@cloudbees.com to git GitProvider user with login -0 as emails match
Adding label jenkins.io/git-github-userid=-0 to user x-0 in users.jenkins.io
WARNING: Failed to enrich commit 5401666b945abcf6acd29abf91ea9797cfaba384 with issues: User.jenkins.io "x-0" is invalid: metadata.labels: Invalid value: "-0": a valid label must be an empty string or consist of alphanumeric characters, '-', '_' or '.', and must start and end with an alphanumeric character (e.g. 'MyValue',  or 'my_value',  or '12345', regex used for validation is '(([A-Za-z0-9][-A-Za-z0-9_.]*)?[A-Za-z0-9])?')
Finding issues in commit messages using git format
Associating user x-0 in users.jenkins.io with email c**d-bot@cloudbees.com to git GitProvider user with login -0 as emails match
Adding label jenkins.io/git-github-userid=-0 to user x-0 in users.jenkins.io
WARNING: Failed to enrich commit 8902943c99041951bdab5b6a272124967799eb43 with issues: User.jenkins.io "x-0" is invalid: metadata.labels: Invalid value: "-0": a valid label must be an empty string or consist of alphanumeric characters, '-', '_' or '.', and must start and end with an alphanumeric character (e.g. 'MyValue',  or 'my_value',  or '12345', regex used for validation is '(([A-Za-z0-9][-A-Za-z0-9_.]*)?[A-Za-z0-9])?')
Associating user x-0 in users.jenkins.io with email c**d-bot@cloudbees.com to git GitProvider user with login -0 as emails match
Adding label jenkins.io/git-github-userid=-0 to user x-0 in users.jenkins.io
WARNING: Failed to enrich commit 8902943c99041951bdab5b6a272124967799eb43 with issues: User.jenkins.io "x-0" is invalid: metadata.labels: Invalid value: "-0": a valid label must be an empty string or consist of alphanumeric characters, '-', '_' or '.', and must start and end with an alphanumeric character (e.g. 'MyValue',  or 'my_value',  or '12345', regex used for validation is '(([A-Za-z0-9][-A-Za-z0-9_.]*)?[A-Za-z0-9])?')
WARNING: No release found for cb-kubecd/bdd-sbrp-import-1592536754 and tag v0.0.1 so creating a new release
Updated the release information at https://github.com/cb-kubecd/bdd-sbrp-import-1592536754/releases/tag/v0.0.1
generated: /workspace/source/charts/bdd-sbrp-import-1592536754/templates/release.yaml
Created Release bdd-sbrp-import-1592536754-0-0-1 resource in namespace **
Updating PipelineActivity cb-kubecd-bdd-sbrp-import-1592536754-master-1 with version 0.0.1
Updated PipelineActivities cb-kubecd-bdd-sbrp-import-1592536754-master-1 with release notes URL: https://github.com/cb-kubecd/bdd-sbrp-import-1592536754/releases/tag/v0.0.1

Showing logs for build [32mcb-kubecd-bdd-sbrp-import-15925-dqggh-1[0m stage [32mfrom-build-pack[0m and container [32mstep-promote-helm-release[0m
WARNING: No $CHART_REPOSITORY defined so using the default value of: http://jenkins-x-chartmuseum:8080
Adding missing Helm repo: storage.googleapis.com https://storage.googleapis.com/chartmuseum.jenkins-x.io
WARNING: No secrets found on "helm/repos" due: reading the secret "helm/repos" from vault: no secret "helm/repos" not found in vault
Read credentials for https://storage.googleapis.com/chartmuseum.jenkins-x.io from vault helm/repos
Successfully added Helm repository storage.googleapis.com.
Adding missing Helm repo: jenkins-x-chartmuseum http://jenkins-x-chartmuseum:8080
WARNING: No secrets found on "helm/repos" due: reading the secret "helm/repos" from vault: no secret "helm/repos" not found in vault
Read credentials for http://jenkins-x-chartmuseum:8080 from vault helm/repos
Successfully added Helm repository jenkins-x-chartmuseum.
WARNING: No $CHART_REPOSITORY defined so using the default value of: http://jenkins-x-chartmuseum:8080
Uploading chart file bdd-sbrp-import-1592536754-0.0.1.tgz to http://jenkins-x-chartmuseum:8080/api/charts
Received 201 response: {"saved":true}

Showing logs for build [32mcb-kubecd-bdd-sbrp-import-15925-dqggh-1[0m stage [32mfrom-build-pack[0m and container [32mstep-promote-jx-promote[0m
WARNING: prow based install so skip waiting for the merge of Pull Requests to go green as currently there is an issue with gettingstatuses from the PR, see https://github.com/jenkins-x/**/issues/2410
WARNING: No $CHART_REPOSITORY defined so using the default value of: http://jenkins-x-chartmuseum:8080
Promoting app bdd-sbrp-import-1592536754 version 0.0.1 to namespace **-staging
Created Pull Request: https://github.com/cb-kubecd/environment-pr-237-1-boot-gke-staging/pull/7
Added label updatebot to Pull Request https://github.com/cb-kubecd/environment-pr-237-1-boot-gke-staging/pull/7
got git provider status pending from PR https://github.com/cb-kubecd/environment-pr-237-1-boot-gke-staging/pull/7
got git provider status pending from PR https://github.com/cb-kubecd/environment-pr-237-1-boot-gke-staging/pull/7
got git provider status pending from PR https://github.com/cb-kubecd/environment-pr-237-1-boot-gke-staging/pull/7
got git provider status pending from PR https://github.com/cb-kubecd/environment-pr-237-1-boot-gke-staging/pull/7
got git provider status pending from PR https://github.com/cb-kubecd/environment-pr-237-1-boot-gke-staging/pull/7
got git provider status pending from PR https://github.com/cb-kubecd/environment-pr-237-1-boot-gke-staging/pull/7
got git provider status pending from PR https://github.com/cb-kubecd/environment-pr-237-1-boot-gke-staging/pull/7
got git provider status pending from PR https://github.com/cb-kubecd/environment-pr-237-1-boot-gke-staging/pull/7
Pull Request https://github.com/cb-kubecd/environment-pr-237-1-boot-gke-staging/pull/7 is merged at sha 4885ed798e4f5d37fa91de2c2e6e961277e98646
Pull Request merged but we are not waiting for the update pipeline to complete!
WARNING: Could not find the service URL in namespace **-staging for names bdd-sbrp-import-1592536754, **-bdd-sbrp-import-1592536754, **-staging-bdd-sbrp-import-1592536754
